2022-01-23 17:12:43 [scrapy.utils.log] INFO: Scrapy 2.5.0 started (bot: firstserver)
2022-01-23 17:12:43 [scrapy.utils.log] INFO: Versions: lxml 4.6.3.0, libxml2 2.9.10, cssselect 1.1.0, parsel 1.6.0, w3lib 1.22.0, Twisted 21.7.0, Python 3.7.11 (default, Jul 27 2021, 07:03:16) - [Clang 10.0.0 ], pyOpenSSL 19.1.0 (OpenSSL 1.1.1h  22 Sep 2020), cryptography 3.2.1, Platform Darwin-20.3.0-x86_64-i386-64bit
2022-01-23 17:12:43 [scrapy.utils.log] DEBUG: Using reactor: twisted.internet.selectreactor.SelectReactor
2022-01-23 17:12:43 [scrapy.crawler] INFO: Overridden settings:
{'BOT_NAME': 'firstserver',
 'LOG_FILE': 'logs/firstserver/tryspider/2022-01-23T17_12_26.log',
 'NEWSPIDER_MODULE': 'firstserver.spiders',
 'ROBOTSTXT_OBEY': True,
 'SPIDER_MODULES': ['firstserver.spiders']}
2022-01-23 17:12:43 [scrapy.extensions.telnet] INFO: Telnet Password: 42badd437e6c312d
2022-01-23 17:12:43 [scrapy.middleware] INFO: Enabled extensions:
['scrapy.extensions.corestats.CoreStats',
 'scrapy.extensions.telnet.TelnetConsole',
 'scrapy.extensions.memusage.MemoryUsage',
 'scrapy.extensions.logstats.LogStats']
2022-01-23 17:12:43 [scrapy.middleware] INFO: Enabled downloader middlewares:
['scrapy.downloadermiddlewares.robotstxt.RobotsTxtMiddleware',
 'scrapy.downloadermiddlewares.httpauth.HttpAuthMiddleware',
 'scrapy.downloadermiddlewares.downloadtimeout.DownloadTimeoutMiddleware',
 'scrapy.downloadermiddlewares.defaultheaders.DefaultHeadersMiddleware',
 'scrapy.downloadermiddlewares.useragent.UserAgentMiddleware',
 'scrapy.downloadermiddlewares.retry.RetryMiddleware',
 'scrapy.downloadermiddlewares.redirect.MetaRefreshMiddleware',
 'scrapy.downloadermiddlewares.httpcompression.HttpCompressionMiddleware',
 'scrapy.downloadermiddlewares.redirect.RedirectMiddleware',
 'scrapy.downloadermiddlewares.cookies.CookiesMiddleware',
 'scrapy.downloadermiddlewares.httpproxy.HttpProxyMiddleware',
 'scrapy.downloadermiddlewares.stats.DownloaderStats']
2022-01-23 17:12:43 [scrapy.middleware] INFO: Enabled spider middlewares:
['scrapy.spidermiddlewares.httperror.HttpErrorMiddleware',
 'scrapy.spidermiddlewares.offsite.OffsiteMiddleware',
 'scrapy.spidermiddlewares.referer.RefererMiddleware',
 'scrapy.spidermiddlewares.urllength.UrlLengthMiddleware',
 'scrapy.spidermiddlewares.depth.DepthMiddleware']
2022-01-23 17:12:43 [scrapy.middleware] INFO: Enabled item pipelines:
[]
2022-01-23 17:12:43 [scrapy.core.engine] INFO: Spider opened
2022-01-23 17:12:43 [scrapy.extensions.logstats] INFO: Crawled 0 pages (at 0 pages/min), scraped 0 items (at 0 items/min)
2022-01-23 17:12:43 [scrapy.extensions.telnet] INFO: Telnet console listening on 127.0.0.1:6023
2022-01-23 17:12:43 [scrapy.core.engine] DEBUG: Crawled (404) <GET http://top.baidu.com/robots.txt> (referer: None)
2022-01-23 17:12:43 [scrapy.downloadermiddlewares.redirect] DEBUG: Redirecting (301) to <GET https://top.baidu.com/board?tab=realtime> from <GET http://top.baidu.com/buzz?b=1&fr=topindex>
2022-01-23 17:12:44 [scrapy.core.engine] DEBUG: Crawled (200) <GET https://top.baidu.com/board?tab=realtime> (referer: None)
2022-01-23 17:12:44 [scrapy.core.scraper] ERROR: Spider error processing <GET https://top.baidu.com/board?tab=realtime> (referer: None)
Traceback (most recent call last):
  File "/Users/jieyang/opt/anaconda3/envs/crawler/lib/python3.7/site-packages/scrapy/utils/defer.py", line 120, in iter_errback
    yield next(it)
  File "/Users/jieyang/opt/anaconda3/envs/crawler/lib/python3.7/site-packages/scrapy/utils/python.py", line 353, in __next__
    return next(self.data)
  File "/Users/jieyang/opt/anaconda3/envs/crawler/lib/python3.7/site-packages/scrapy/utils/python.py", line 353, in __next__
    return next(self.data)
  File "/Users/jieyang/opt/anaconda3/envs/crawler/lib/python3.7/site-packages/scrapy/core/spidermw.py", line 56, in _evaluate_iterable
    for r in iterable:
  File "/Users/jieyang/opt/anaconda3/envs/crawler/lib/python3.7/site-packages/scrapy/spidermiddlewares/offsite.py", line 29, in process_spider_output
    for x in result:
  File "/Users/jieyang/opt/anaconda3/envs/crawler/lib/python3.7/site-packages/scrapy/core/spidermw.py", line 56, in _evaluate_iterable
    for r in iterable:
  File "/Users/jieyang/opt/anaconda3/envs/crawler/lib/python3.7/site-packages/scrapy/spidermiddlewares/referer.py", line 342, in <genexpr>
    return (_set_referer(r) for r in result or ())
  File "/Users/jieyang/opt/anaconda3/envs/crawler/lib/python3.7/site-packages/scrapy/core/spidermw.py", line 56, in _evaluate_iterable
    for r in iterable:
  File "/Users/jieyang/opt/anaconda3/envs/crawler/lib/python3.7/site-packages/scrapy/spidermiddlewares/urllength.py", line 40, in <genexpr>
    return (r for r in result or () if _filter(r))
  File "/Users/jieyang/opt/anaconda3/envs/crawler/lib/python3.7/site-packages/scrapy/core/spidermw.py", line 56, in _evaluate_iterable
    for r in iterable:
  File "/Users/jieyang/opt/anaconda3/envs/crawler/lib/python3.7/site-packages/scrapy/spidermiddlewares/depth.py", line 58, in <genexpr>
    return (r for r in result or () if _filter(r))
  File "/Users/jieyang/opt/anaconda3/envs/crawler/lib/python3.7/site-packages/scrapy/core/spidermw.py", line 56, in _evaluate_iterable
    for r in iterable:
  File "/Users/jieyang/PycharmProjects/crawler_learn/project111/firstserver/firstserver/spiders/tryspider.py", line 12, in parse
    item = FirstscrapydItem()
NameError: name 'FirstscrapydItem' is not defined
2022-01-23 17:12:44 [scrapy.core.engine] INFO: Closing spider (finished)
2022-01-23 17:12:44 [scrapy.statscollectors] INFO: Dumping Scrapy stats:
{'downloader/request_bytes': 717,
 'downloader/request_count': 3,
 'downloader/request_method_count/GET': 3,
 'downloader/response_bytes': 143954,
 'downloader/response_count': 3,
 'downloader/response_status_count/200': 1,
 'downloader/response_status_count/301': 1,
 'downloader/response_status_count/404': 1,
 'elapsed_time_seconds': 0.905026,
 'finish_reason': 'finished',
 'finish_time': datetime.datetime(2022, 1, 23, 9, 12, 44, 152894),
 'log_count/DEBUG': 3,
 'log_count/ERROR': 1,
 'log_count/INFO': 10,
 'memusage/max': 235307008,
 'memusage/startup': 235290624,
 'response_received_count': 2,
 'robotstxt/request_count': 1,
 'robotstxt/response_count': 1,
 'robotstxt/response_status_count/404': 1,
 'scheduler/dequeued': 2,
 'scheduler/dequeued/memory': 2,
 'scheduler/enqueued': 2,
 'scheduler/enqueued/memory': 2,
 'spider_exceptions/NameError': 1,
 'start_time': datetime.datetime(2022, 1, 23, 9, 12, 43, 247868)}
2022-01-23 17:12:44 [scrapy.core.engine] INFO: Spider closed (finished)
