Invalid port. Exiting...
1631023455297	geckodriver	INFO	Listening on 127.0.0.1:49805
1631023458388	mozrunner::runner	INFO	Running command: "E:\\Firefox\\firefox.exe" "--marionette" "-foreground" "-no-remote" "-profile" "C:\\Users\\jiege\\AppData\\Local\\Temp\\rust_mozprofileqnFLbu"
1631023459968	Marionette	INFO	Marionette enabled
console.warn: SearchSettings: "get: No settings file exists, new profile?" (new NotFoundError("Could not open the file at C:\\Users\\jiege\\AppData\\Local\\Temp\\rust_mozprofileqnFLbu\\search.json.mozlz4", (void 0)))
1631023462947	Marionette	INFO	Listening on port 63938
1631023463247	RemoteAgent	WARN	TLS certificate errors will be ignored for this session
JavaScript warning: https://apps.bdimg.com/libs/jquery/1.10.2/jquery.min.js, line 2: Using //@ to indicate sourceMappingURL pragmas is deprecated. Use //# instead
1631023465514	Marionette	WARN	Ignoring event 'pageshow' because document has an invalid readyState of 'uninitialized'.
1631023465571	Marionette	WARN	Ignoring event 'pageshow' because document has an invalid readyState of 'uninitialized'.
1631023487092	Marionette	INFO	Stopped listening on port 63938
JavaScript error: resource:///modules/Interactions.jsm, line 209: NS_ERROR_FAILURE: Component returned failure code: 0x80004005 (NS_ERROR_FAILURE) [nsIUserIdleService.removeIdleObserver]

###!!! [Parent][RunMessage] Error: Channel closing: too late to send/recv, messages will be lost

1631024117321	geckodriver	INFO	Listening on 127.0.0.1:63040
1631024120406	mozrunner::runner	INFO	Running command: "E:\\Firefox\\firefox.exe" "--marionette" "-foreground" "-no-remote" "-profile" "C:\\Users\\jiege\\AppData\\Local\\Temp\\rust_mozprofile9nvf69"
1631024121484	Marionette	INFO	Marionette enabled
console.warn: SearchSettings: "get: No settings file exists, new profile?" (new NotFoundError("Could not open the file at C:\\Users\\jiege\\AppData\\Local\\Temp\\rust_mozprofile9nvf69\\search.json.mozlz4", (void 0)))
1631024124288	Marionette	INFO	Listening on port 65194
1631024124589	RemoteAgent	WARN	TLS certificate errors will be ignored for this session
JavaScript warning: https://apps.bdimg.com/libs/jquery/1.10.2/jquery.min.js, line 2: Using //@ to indicate sourceMappingURL pragmas is deprecated. Use //# instead
JavaScript error: resource://devtools/server/actors/network-monitor/network-event-actor.js, line 109: Error: Got a request https://cdn.staticfile.org/twitter-bootstrap/3.3.7/css/bootstrap.min.css without a browsingContextID set
1631024185808	Marionette	INFO	Stopped listening on port 65194
JavaScript error: resource:///modules/Interactions.jsm, line 209: NS_ERROR_FAILURE: Component returned failure code: 0x80004005 (NS_ERROR_FAILURE) [nsIUserIdleService.removeIdleObserver]

###!!! [Child][RunMessage] Error: Channel closing: too late to send/recv, messages will be lost

JavaScript error: , line 0: TypeError: NetworkError when attempting to fetch resource.
1631024188027	geckodriver	INFO	Listening on 127.0.0.1:60591
1631024191072	mozrunner::runner	INFO	Running command: "E:\\Firefox\\firefox.exe" "--marionette" "-foreground" "-no-remote" "-profile" "C:\\Users\\jiege\\AppData\\Local\\Temp\\rust_mozprofileFr6VoP"
1631024191913	Marionette	INFO	Marionette enabled
console.warn: SearchSettings: "get: No settings file exists, new profile?" (new NotFoundError("Could not open the file at C:\\Users\\jiege\\AppData\\Local\\Temp\\rust_mozprofileFr6VoP\\search.json.mozlz4", (void 0)))
1631024194752	Marionette	INFO	Listening on port 63318
1631024195269	RemoteAgent	WARN	TLS certificate errors will be ignored for this session
JavaScript warning: https://apps.bdimg.com/libs/jquery/1.10.2/jquery.min.js, line 2: Using //@ to indicate sourceMappingURL pragmas is deprecated. Use //# instead
1631024231116	Marionette	INFO	Stopped listening on port 63318
JavaScript error: resource:///modules/Interactions.jsm, line 209: NS_ERROR_FAILURE: Component returned failure code: 0x80004005 (NS_ERROR_FAILURE) [nsIUserIdleService.removeIdleObserver]
JavaScript error: , line 0: TypeError: NetworkError when attempting to fetch resource.

###!!! [Child][MessageChannel] Error: (msgtype=0x59000C,name=PHttpChannel::Msg___delete__) Channel closing: too late to send/recv, messages will be lost


###!!! [Child][MessageChannel] Error: (msgtype=0x690023,name=PNecko::Msg_RemoveRequestContext) Channel closing: too late to send/recv, messages will be lost


###!!! [Child][RunMessage] Error: Channel closing: too late to send/recv, messages will be lost


###!!! [Child][RunMessage] Error: Channel closing: too late to send/recv, messages will be lost

1631024320745	geckodriver	INFO	Listening on 127.0.0.1:53754
1631024323805	mozrunner::runner	INFO	Running command: "E:\\Firefox\\firefox.exe" "--marionette" "-foreground" "-no-remote" "-profile" "C:\\Users\\jiege\\AppData\\Local\\Temp\\rust_mozprofilekCC9c1"
1631024324521	Marionette	INFO	Marionette enabled
console.warn: SearchSettings: "get: No settings file exists, new profile?" (new NotFoundError("Could not open the file at C:\\Users\\jiege\\AppData\\Local\\Temp\\rust_mozprofilekCC9c1\\search.json.mozlz4", (void 0)))
1631024327471	Marionette	INFO	Listening on port 62470
1631024327515	RemoteAgent	WARN	TLS certificate errors will be ignored for this session
JavaScript warning: https://apps.bdimg.com/libs/jquery/1.10.2/jquery.min.js, line 2: Using //@ to indicate sourceMappingURL pragmas is deprecated. Use //# instead
1631024350850	Marionette	INFO	Stopped listening on port 62470
JavaScript error: resource:///modules/Interactions.jsm, line 209: NS_ERROR_FAILURE: Component returned failure code: 0x80004005 (NS_ERROR_FAILURE) [nsIUserIdleService.removeIdleObserver]
JavaScript error: , line 0: TypeError: NetworkError when attempting to fetch resource.

###!!! [Parent][MessageChannel] Error: (msgtype=0x390076,name=PContent::Msg_DestroyBrowsingContextGroup) Closed channel: cannot send/recv

1631026533355	geckodriver	INFO	Listening on 127.0.0.1:58027
1631026536405	mozrunner::runner	INFO	Running command: "E:\\Firefox\\firefox.exe" "--marionette" "-foreground" "-no-remote" "-profile" "C:\\Users\\jiege\\AppData\\Local\\Temp\\rust_mozprofile7X3LSQ"
1631026537078	Marionette	INFO	Marionette enabled
console.warn: SearchSettings: "get: No settings file exists, new profile?" (new NotFoundError("Could not open the file at C:\\Users\\jiege\\AppData\\Local\\Temp\\rust_mozprofile7X3LSQ\\search.json.mozlz4", (void 0)))
1631026540133	Marionette	INFO	Listening on port 60028
1631026540621	RemoteAgent	WARN	TLS certificate errors will be ignored for this session
JavaScript warning: https://apps.bdimg.com/libs/jquery/1.10.2/jquery.min.js, line 2: Using //@ to indicate sourceMappingURL pragmas is deprecated. Use //# instead
SourceActor threw an exception: [Exception... "Component returned failure code: 0x80470002 (NS_BASE_STREAM_CLOSED) [nsIInputStream.available]"  nsresult: "0x80470002 (NS_BASE_STREAM_CLOSED)"  location: "JS frame :: resource://devtools/shared/DevToolsUtils.js :: onResponse :: line 567"  data: no]
Stack: onResponse@resource://devtools/shared/DevToolsUtils.js:567:34
onStopRequest@resource://gre/modules/NetUtil.jsm:128:18
Line: 567, column: 0
console.error: ({})
JavaScript error: resource://devtools/shared/DevToolsUtils.js, line 567: NS_BASE_STREAM_CLOSED: Component returned failure code: 0x80470002 (NS_BASE_STREAM_CLOSED) [nsIInputStream.available]
JavaScript error: resource://devtools/server/actors/network-monitor/network-event-actor.js, line 109: Error: Got a request https://www.gstatic.com/recaptcha/releases/wxAi4AKLXL2kBAvXqI4XLSWS/styles__ltr.css without a browsingContextID set
JavaScript error: resource://devtools/server/actors/network-monitor/network-event-actor.js, line 109: Error: Got a request https://fonts.googleapis.com/css2?family=Roboto:wght@100;300;400;500;700;900&display=swap without a browsingContextID set
JavaScript error: resource://devtools/server/actors/network-monitor/network-event-actor.js, line 109: Error: Got a request https://cdnjs.cloudflare.com/ajax/libs/font-awesome/5.15.4/css/all.min.css without a browsingContextID set
JavaScript error: resource://devtools/server/actors/network-monitor/network-event-actor.js, line 109: Error: Got a request https://cdnjs.cloudflare.com/ajax/libs/Swiper/5.4.5/css/swiper.min.css without a browsingContextID set
JavaScript error: resource://devtools/server/actors/network-monitor/network-event-actor.js, line 109: Error: Got a request https://s1.bunnycdn.ru/assets/fmovies/min/all.css?6136ab80612b1d5c without a browsingContextID set
console.warn: "Resource  of root-node was not found."
[Child 12572, MediaDecoderStateMachine #1] WARNING: 22b53080 Could not set cubeb stream name.: file /builds/worker/checkouts/gecko/dom/media/AudioStream.cpp:367
[Child 12572, MediaDecoderStateMachine #1] WARNING: Decoder=715bd40 state=DECODING_METADATA Decode metadata failed, shutting down decoder: file /builds/worker/checkouts/gecko/dom/media/MediaDecoderStateMachine.cpp:366
[Child 12572, MediaDecoderStateMachine #1] WARNING: Decoder=715bd40 Decode error: NS_ERROR_DOM_MEDIA_METADATA_ERR (0x806e0006) - static MP4Metadata::ResultAndByteBuffer __cdecl mozilla::MP4Metadata::Metadata(mozilla::ByteStream *): Cannot parse metadata: file /builds/worker/checkouts/gecko/dom/media/MediaDecoderStateMachine.cpp:3541
[Child 12572, MediaDecoderStateMachine #1] WARNING: 1d6fd500 Could not set cubeb stream name.: file /builds/worker/checkouts/gecko/dom/media/AudioStream.cpp:367
IPDL protocol error: Handler returned error code!

###!!! [Parent][DispatchAsyncMessage] Error: PMessagePort::Msg_PostMessages Processing error: message was deserialized, but the handler returned false (indicating failure)

[Child 12572, MediaDecoderStateMachine #1] WARNING: 25d74200 Could not set cubeb stream name.: file /builds/worker/checkouts/gecko/dom/media/AudioStream.cpp:367
JavaScript error: https://s1.bunnycdn.ru/assets/fmovies/min/all.js?6136ab80612b1d5c, line 2: NS_ERROR_NOT_INITIALIZED: 
JavaScript error: , line 0: InvalidStateError: An attempt was made to use an object that is not, or is no longer, usable
[Child 12572, MediaDecoderStateMachine #1] WARNING: 1192cc80 Could not set cubeb stream name.: file /builds/worker/checkouts/gecko/dom/media/AudioStream.cpp:367
1631026807196	Marionette	INFO	Stopped listening on port 60028
JavaScript error: resource:///modules/Interactions.jsm, line 209: NS_ERROR_FAILURE: Component returned failure code: 0x80004005 (NS_ERROR_FAILURE) [nsIUserIdleService.removeIdleObserver]
