2022-01-28 10:57:16 [scrapy.utils.log] INFO: Scrapy 2.5.0 started (bot: firstserver)
2022-01-28 10:57:16 [scrapy.utils.log] INFO: Versions: lxml 4.6.3.0, libxml2 2.9.10, cssselect 1.1.0, parsel 1.6.0, w3lib 1.22.0, Twisted 21.7.0, Python 3.7.11 (default, Jul 27 2021, 07:03:16) - [Clang 10.0.0 ], pyOpenSSL 19.1.0 (OpenSSL 1.1.1h  22 Sep 2020), cryptography 3.2.1, Platform Darwin-20.3.0-x86_64-i386-64bit
2022-01-28 10:57:16 [scrapy.utils.log] DEBUG: Using reactor: twisted.internet.selectreactor.SelectReactor
2022-01-28 10:57:16 [scrapy.crawler] INFO: Overridden settings:
{'BOT_NAME': 'firstserver',
 'LOG_FILE': 'logs/firstserver/tryspider/2022-01-28T10_57_10.log',
 'NEWSPIDER_MODULE': 'firstserver.spiders',
 'SPIDER_MODULES': ['firstserver.spiders']}
2022-01-28 10:57:16 [scrapy.extensions.telnet] INFO: Telnet Password: 0c5629fdb524cee1
2022-01-28 10:57:16 [scrapy.middleware] INFO: Enabled extensions:
['scrapy.extensions.corestats.CoreStats',
 'scrapy.extensions.telnet.TelnetConsole',
 'scrapy.extensions.memusage.MemoryUsage',
 'scrapy.extensions.logstats.LogStats']
2022-01-28 10:57:16 [scrapy.middleware] INFO: Enabled downloader middlewares:
['scrapy.downloadermiddlewares.httpauth.HttpAuthMiddleware',
 'scrapy.downloadermiddlewares.downloadtimeout.DownloadTimeoutMiddleware',
 'scrapy.downloadermiddlewares.defaultheaders.DefaultHeadersMiddleware',
 'scrapy.downloadermiddlewares.useragent.UserAgentMiddleware',
 'scrapy.downloadermiddlewares.retry.RetryMiddleware',
 'scrapy.downloadermiddlewares.redirect.MetaRefreshMiddleware',
 'scrapy.downloadermiddlewares.httpcompression.HttpCompressionMiddleware',
 'scrapy.downloadermiddlewares.redirect.RedirectMiddleware',
 'scrapy.downloadermiddlewares.cookies.CookiesMiddleware',
 'scrapy.downloadermiddlewares.httpproxy.HttpProxyMiddleware',
 'scrapy.downloadermiddlewares.stats.DownloaderStats']
2022-01-28 10:57:16 [scrapy.middleware] INFO: Enabled spider middlewares:
['scrapy.spidermiddlewares.httperror.HttpErrorMiddleware',
 'scrapy.spidermiddlewares.offsite.OffsiteMiddleware',
 'scrapy.spidermiddlewares.referer.RefererMiddleware',
 'scrapy.spidermiddlewares.urllength.UrlLengthMiddleware',
 'scrapy.spidermiddlewares.depth.DepthMiddleware']
2022-01-28 10:57:16 [scrapy.middleware] INFO: Enabled item pipelines:
['firstserver.pipelines.FirstserverPipeline']
2022-01-28 10:57:16 [scrapy.core.engine] INFO: Spider opened
2022-01-28 10:57:16 [scrapy.extensions.logstats] INFO: Crawled 0 pages (at 0 pages/min), scraped 0 items (at 0 items/min)
2022-01-28 10:57:16 [scrapy.extensions.telnet] INFO: Telnet console listening on 127.0.0.1:6023
2022-01-28 10:57:16 [scrapy.downloadermiddlewares.redirect] DEBUG: Redirecting (301) to <GET https://top.baidu.com/board?tab=realtime> from <GET http://top.baidu.com/buzz?b=1&fr=topindex>
2022-01-28 10:57:17 [scrapy.core.engine] DEBUG: Crawled (200) <GET https://top.baidu.com/board?tab=realtime> (referer: None)
2022-01-28 10:57:18 [scrapy.core.scraper] DEBUG: Scraped from <200 https://top.baidu.com/board?tab=realtime>
{'title': '  讲好冬奥故事 共赴冰雪之约 '}
2022-01-28 10:57:18 [scrapy.core.engine] INFO: Closing spider (finished)
2022-01-28 10:57:18 [scrapy.statscollectors] INFO: Dumping Scrapy stats:
{'downloader/request_bytes': 484,
 'downloader/request_count': 2,
 'downloader/request_method_count/GET': 2,
 'downloader/response_bytes': 142669,
 'downloader/response_count': 2,
 'downloader/response_status_count/200': 1,
 'downloader/response_status_count/301': 1,
 'elapsed_time_seconds': 1.206136,
 'finish_reason': 'finished',
 'finish_time': datetime.datetime(2022, 1, 28, 2, 57, 18, 65200),
 'item_scraped_count': 1,
 'log_count/DEBUG': 3,
 'log_count/INFO': 10,
 'memusage/max': 271777792,
 'memusage/startup': 271777792,
 'response_received_count': 1,
 'scheduler/dequeued': 2,
 'scheduler/dequeued/memory': 2,
 'scheduler/enqueued': 2,
 'scheduler/enqueued/memory': 2,
 'start_time': datetime.datetime(2022, 1, 28, 2, 57, 16, 859064)}
2022-01-28 10:57:18 [scrapy.core.engine] INFO: Spider closed (finished)
