2022-01-13 17:01:03 [scrapy.utils.log] INFO: Scrapy 2.5.0 started (bot: firstScrapyd)
2022-01-13 17:01:03 [scrapy.utils.log] INFO: Versions: lxml 4.6.3.0, libxml2 2.9.10, cssselect 1.1.0, parsel 1.6.0, w3lib 1.22.0, Twisted 21.7.0, Python 3.7.11 (default, Jul 27 2021, 07:03:16) - [Clang 10.0.0 ], pyOpenSSL 19.1.0 (OpenSSL 1.1.1h  22 Sep 2020), cryptography 3.2.1, Platform Darwin-20.3.0-x86_64-i386-64bit
2022-01-13 17:01:03 [scrapy.utils.log] DEBUG: Using reactor: twisted.internet.selectreactor.SelectReactor
2022-01-13 17:01:03 [scrapy.crawler] INFO: Overridden settings:
{'BOT_NAME': 'firstScrapyd',
 'LOG_FILE': 'logs/firstScrapyd/mainspider/5451eff4744f11eca2c81e00a236d081.log',
 'NEWSPIDER_MODULE': 'firstScrapyd.spiders',
 'ROBOTSTXT_OBEY': True,
 'SPIDER_MODULES': ['firstScrapyd.spiders']}
2022-01-13 17:01:03 [scrapy.extensions.telnet] INFO: Telnet Password: 8d7df8051bd1b6c8
2022-01-13 17:01:03 [scrapy.middleware] INFO: Enabled extensions:
['scrapy.extensions.corestats.CoreStats',
 'scrapy.extensions.telnet.TelnetConsole',
 'scrapy.extensions.memusage.MemoryUsage',
 'scrapy.extensions.logstats.LogStats']
2022-01-13 17:01:04 [scrapy.middleware] INFO: Enabled downloader middlewares:
['scrapy.downloadermiddlewares.robotstxt.RobotsTxtMiddleware',
 'scrapy.downloadermiddlewares.httpauth.HttpAuthMiddleware',
 'scrapy.downloadermiddlewares.downloadtimeout.DownloadTimeoutMiddleware',
 'scrapy.downloadermiddlewares.defaultheaders.DefaultHeadersMiddleware',
 'scrapy.downloadermiddlewares.useragent.UserAgentMiddleware',
 'scrapy.downloadermiddlewares.retry.RetryMiddleware',
 'scrapy.downloadermiddlewares.redirect.MetaRefreshMiddleware',
 'scrapy.downloadermiddlewares.httpcompression.HttpCompressionMiddleware',
 'scrapy.downloadermiddlewares.redirect.RedirectMiddleware',
 'scrapy.downloadermiddlewares.cookies.CookiesMiddleware',
 'scrapy.downloadermiddlewares.httpproxy.HttpProxyMiddleware',
 'scrapy.downloadermiddlewares.stats.DownloaderStats']
2022-01-13 17:01:04 [scrapy.middleware] INFO: Enabled spider middlewares:
['scrapy.spidermiddlewares.httperror.HttpErrorMiddleware',
 'scrapy.spidermiddlewares.offsite.OffsiteMiddleware',
 'scrapy.spidermiddlewares.referer.RefererMiddleware',
 'scrapy.spidermiddlewares.urllength.UrlLengthMiddleware',
 'scrapy.spidermiddlewares.depth.DepthMiddleware']
2022-01-13 17:01:04 [scrapy.middleware] INFO: Enabled item pipelines:
[]
2022-01-13 17:01:04 [scrapy.core.engine] INFO: Spider opened
2022-01-13 17:01:04 [scrapy.extensions.logstats] INFO: Crawled 0 pages (at 0 pages/min), scraped 0 items (at 0 items/min)
2022-01-13 17:01:04 [scrapy.extensions.telnet] INFO: Telnet console listening on 127.0.0.1:6023
2022-01-13 17:01:04 [scrapy.core.engine] DEBUG: Crawled (404) <GET http://top.baidu.com/robots.txt> (referer: None)
2022-01-13 17:01:04 [scrapy.downloadermiddlewares.redirect] DEBUG: Redirecting (301) to <GET https://top.baidu.com/board?tab=realtime> from <GET http://top.baidu.com/buzz?b=1&fr=topindex>
2022-01-13 17:01:06 [scrapy.core.engine] DEBUG: Crawled (200) <GET https://top.baidu.com/board?tab=realtime> (referer: None)
2022-01-13 17:01:06 [scrapy.core.scraper] DEBUG: Scraped from <200 https://top.baidu.com/board?tab=realtime>
{'title': '  十九届六中全会决议中的10个明确 '}
2022-01-13 17:01:06 [scrapy.core.scraper] DEBUG: Scraped from <200 https://top.baidu.com/board?tab=realtime>
{'title': '  政法虎孙力军涉操纵证券市场等3罪 '}
2022-01-13 17:01:06 [scrapy.core.scraper] DEBUG: Scraped from <200 https://top.baidu.com/board?tab=realtime>
{'title': '  稳住农业基本盘做好三农工作 '}
2022-01-13 17:01:06 [scrapy.core.scraper] DEBUG: Scraped from <200 https://top.baidu.com/board?tab=realtime>
{'title': '  防疫志愿者给老人下跪当事双方回应 '}
2022-01-13 17:01:06 [scrapy.core.scraper] DEBUG: Scraped from <200 https://top.baidu.com/board?tab=realtime>
{'title': '  采访刘鑫的记者:对她有过怜悯 '}
2022-01-13 17:01:06 [scrapy.core.scraper] DEBUG: Scraped from <200 https://top.baidu.com/board?tab=realtime>
{'title': '  延误救治 西安2家医院停业3个月 '}
2022-01-13 17:01:06 [scrapy.core.scraper] DEBUG: Scraped from <200 https://top.baidu.com/board?tab=realtime>
{'title': '  四川水电站透水事故致7人遇难 '}
2022-01-13 17:01:06 [scrapy.core.scraper] DEBUG: Scraped from <200 https://top.baidu.com/board?tab=realtime>
{'title': '  胡锡进评西安医院被停业:处罚重了 '}
2022-01-13 17:01:06 [scrapy.core.scraper] DEBUG: Scraped from <200 https://top.baidu.com/board?tab=realtime>
{'title': '  保护区违建千栋别墅 济南市委调查 '}
2022-01-13 17:01:06 [scrapy.core.scraper] DEBUG: Scraped from <200 https://top.baidu.com/board?tab=realtime>
{'title': '  天津相声式喊话核酸检测 '}
2022-01-13 17:01:06 [scrapy.core.scraper] DEBUG: Scraped from <200 https://top.baidu.com/board?tab=realtime>
{'title': '  反腐大片将播 落马官员出镜忏悔 '}
2022-01-13 17:01:06 [scrapy.core.scraper] DEBUG: Scraped from <200 https://top.baidu.com/board?tab=realtime>
{'title': '  老人插队逼防疫人员下跪?官方回应 '}
2022-01-13 17:01:06 [scrapy.core.scraper] DEBUG: Scraped from <200 https://top.baidu.com/board?tab=realtime>
{'title': '  落马女厅官给国家造成近亿损失 '}
2022-01-13 17:01:06 [scrapy.core.scraper] DEBUG: Scraped from <200 https://top.baidu.com/board?tab=realtime>
{'title': '  39周孕妇患乙流被拒诊 医院回应 '}
2022-01-13 17:01:06 [scrapy.core.scraper] DEBUG: Scraped from <200 https://top.baidu.com/board?tab=realtime>
{'title': '  #当农创遇见AI# '}
2022-01-13 17:01:06 [scrapy.core.scraper] DEBUG: Scraped from <200 https://top.baidu.com/board?tab=realtime>
{'title': '  河南安阳一村核检90%阳性?假的 '}
2022-01-13 17:01:06 [scrapy.core.scraper] DEBUG: Scraped from <200 https://top.baidu.com/board?tab=realtime>
{'title': '  婚纱店回应女子怒剪32件婚纱 '}
2022-01-13 17:01:06 [scrapy.core.scraper] DEBUG: Scraped from <200 https://top.baidu.com/board?tab=realtime>
{'title': '  女子地铁上跷二郎腿大妈提醒遭怼 '}
2022-01-13 17:01:06 [scrapy.core.scraper] DEBUG: Scraped from <200 https://top.baidu.com/board?tab=realtime>
{'title': '  美国将制裁朝鲜 中方回应 '}
2022-01-13 17:01:06 [scrapy.core.scraper] DEBUG: Scraped from <200 https://top.baidu.com/board?tab=realtime>
{'title': '  民警以“烤全羊”方式逼取口供 '}
2022-01-13 17:01:06 [scrapy.core.scraper] DEBUG: Scraped from <200 https://top.baidu.com/board?tab=realtime>
{'title': '  仝卓回应起诉山西招考中心 '}
2022-01-13 17:01:06 [scrapy.core.scraper] DEBUG: Scraped from <200 https://top.baidu.com/board?tab=realtime>
{'title': '  大连1例阳性系感染奥密克戎 '}
2022-01-13 17:01:06 [scrapy.core.scraper] DEBUG: Scraped from <200 https://top.baidu.com/board?tab=realtime>
{'title': '  家族争产案开庭:郭晶晶公公被起诉 '}
2022-01-13 17:01:06 [scrapy.core.scraper] DEBUG: Scraped from <200 https://top.baidu.com/board?tab=realtime>
{'title': '  经济学家任泽平社交账号被禁言 '}
2022-01-13 17:01:06 [scrapy.core.scraper] DEBUG: Scraped from <200 https://top.baidu.com/board?tab=realtime>
{'title': '  仅2款降噪耳机获工信部A级认证 '}
2022-01-13 17:01:06 [scrapy.core.scraper] DEBUG: Scraped from <200 https://top.baidu.com/board?tab=realtime>
{'title': '  火车儿童票拟打破“身高论票价” '}
2022-01-13 17:01:06 [scrapy.core.scraper] DEBUG: Scraped from <200 https://top.baidu.com/board?tab=realtime>
{'title': '  奥密克戎引“超级熔断” '}
2022-01-13 17:01:06 [scrapy.core.scraper] DEBUG: Scraped from <200 https://top.baidu.com/board?tab=realtime>
{'title': '  《长津湖之水门桥》定档大年初一 '}
2022-01-13 17:01:06 [scrapy.core.scraper] DEBUG: Scraped from <200 https://top.baidu.com/board?tab=realtime>
{'title': '  四川水电站透水事故亲历者发声 '}
2022-01-13 17:01:06 [scrapy.core.scraper] DEBUG: Scraped from <200 https://top.baidu.com/board?tab=realtime>
{'title': '  巴西总统表示欢迎奥密克戎 '}
2022-01-13 17:01:06 [scrapy.core.engine] INFO: Closing spider (finished)
2022-01-13 17:01:06 [scrapy.statscollectors] INFO: Dumping Scrapy stats:
{'downloader/request_bytes': 717,
 'downloader/request_count': 3,
 'downloader/request_method_count/GET': 3,
 'downloader/response_bytes': 143762,
 'downloader/response_count': 3,
 'downloader/response_status_count/200': 1,
 'downloader/response_status_count/301': 1,
 'downloader/response_status_count/404': 1,
 'elapsed_time_seconds': 2.481606,
 'finish_reason': 'finished',
 'finish_time': datetime.datetime(2022, 1, 13, 9, 1, 6, 521995),
 'item_scraped_count': 30,
 'log_count/DEBUG': 33,
 'log_count/INFO': 10,
 'memusage/max': 235700224,
 'memusage/startup': 235700224,
 'response_received_count': 2,
 'robotstxt/request_count': 1,
 'robotstxt/response_count': 1,
 'robotstxt/response_status_count/404': 1,
 'scheduler/dequeued': 2,
 'scheduler/dequeued/memory': 2,
 'scheduler/enqueued': 2,
 'scheduler/enqueued/memory': 2,
 'start_time': datetime.datetime(2022, 1, 13, 9, 1, 4, 40389)}
2022-01-13 17:01:06 [scrapy.core.engine] INFO: Spider closed (finished)
